<?xml version="1.0" encoding="UTF-8"?>
<!-- Generated by org.testng.reporters.JUnitReportReporter -->
<testsuite skipped="0" hostname="DESKTOP-I61C6HS" name="com.TestCases.PrimaryClass" tests="1" failures="0" timestamp="15 Jun 2020 03:32:59 GMT" time="12.877" errors="0">
  <testcase name="Collect_Cookies" time="12.877" classname="com.TestCases.PrimaryClass"/>
</testsuite> <!-- com.TestCases.PrimaryClass -->
