<?xml version="1.0" encoding="UTF-8"?>
<!-- Generated by org.testng.reporters.JUnitReportReporter -->
<testsuite skipped="0" hostname="DESKTOP-I61C6HS" name="com.TestCases.CreateMarketPlaceList" tests="2" failures="0" timestamp="15 Jun 2020 04:57:36 GMT" time="108.237" errors="0">
  <testcase name="collectCookiesWithLogin" time="24.721" classname="com.TestCases.CreateMarketPlaceList"/>
  <testcase name="createMarketPlaceItemWithCookies" time="83.516" classname="com.TestCases.CreateMarketPlaceList"/>
</testsuite> <!-- com.TestCases.CreateMarketPlaceList -->
