<?xml version="1.0" encoding="UTF-8"?>
<!-- Generated by org.testng.reporters.JUnitReportReporter -->
<testsuite skipped="0" hostname="DESKTOP-I61C6HS" name="com.TestCases.SecondaryClass" tests="1" failures="0" timestamp="15 Jun 2020 03:24:09 GMT" time="20.768" errors="0">
  <testcase name="Add_Cookies" time="20.768" classname="com.TestCases.SecondaryClass"/>
</testsuite> <!-- com.TestCases.SecondaryClass -->
