<?xml version="1.0" encoding="UTF-8"?>
<!-- Generated by org.testng.reporters.JUnitReportReporter -->
<testsuite skipped="0" hostname="DESKTOP-I61C6HS" name="com.TestCases.CreateMarketPlaceList2" tests="1" failures="0" timestamp="15 Jun 2020 04:22:56 GMT" time="73.230" errors="0">
  <testcase name="createMrkPltList" time="73.230" classname="com.TestCases.CreateMarketPlaceList2"/>
</testsuite> <!-- com.TestCases.CreateMarketPlaceList2 -->
