<?xml version="1.0" encoding="UTF-8"?>
<!-- Generated by org.testng.reporters.JUnitReportReporter -->
<testsuite skipped="0" hostname="DESKTOP-I61C6HS" name="com.TestCases.NoCredentials" tests="1" failures="0" timestamp="14 Jun 2020 02:17:06 GMT" time="10.431" errors="0">
  <testcase name="login_WithOut_Cre" time="10.431" classname="com.TestCases.NoCredentials"/>
</testsuite> <!-- com.TestCases.NoCredentials -->
