<?xml version="1.0" encoding="UTF-8"?>
<!-- Generated by org.testng.reporters.JUnitReportReporter -->
<testsuite skipped="0" hostname="DESKTOP-I61C6HS" name="com.TestCases.CreateMarketPlaceList" tests="1" failures="0" timestamp="19 Jun 2020 21:48:08 GMT" time="84.213" errors="0">
  <testcase name="createMarketPlaceItemWithCookies" time="84.213" classname="com.TestCases.CreateMarketPlaceList"/>
</testsuite> <!-- com.TestCases.CreateMarketPlaceList -->
