<?xml version="1.0" encoding="UTF-8"?>
<!-- Generated by org.testng.reporters.JUnitReportReporter -->
<testsuite skipped="0" hostname="DESKTOP-I61C6HS" name="com.TestCases.UsingCookies" tests="1" failures="0" timestamp="14 Jun 2020 02:16:49 GMT" time="12.773" errors="0">
  <testcase name="login_state_should_be_restored" time="12.773" classname="com.TestCases.UsingCookies"/>
</testsuite> <!-- com.TestCases.UsingCookies -->
