<?xml version="1.0" encoding="UTF-8"?>
<!-- Generated by org.testng.reporters.JUnitReportReporter -->
<testsuite skipped="0" hostname="DESKTOP-I61C6HS" name="com.TestCases.CreateMarketPlaceList" tests="1" failures="0" timestamp="12 Jun 2020 21:41:10 GMT" time="85.446" errors="0">
  <testcase name="createMrkPltList" time="85.446" classname="com.TestCases.CreateMarketPlaceList"/>
</testsuite> <!-- com.TestCases.CreateMarketPlaceList -->
